{"numTotalTestSuites":4,"numPassedTestSuites":2,"numFailedTestSuites":2,"numPendingTestSuites":0,"numTotalTests":11,"numPassedTests":10,"numFailedTests":1,"numPendingTests":0,"numTodoTests":0,"snapshot":{"added":0,"failure":false,"filesAdded":0,"filesRemoved":0,"filesRemovedList":[],"filesUnmatched":0,"filesUpdated":0,"matched":0,"total":0,"unchecked":0,"uncheckedKeysByFile":[],"unmatched":0,"updated":0,"didUpdate":false},"startTime":1776792498739,"success":false,"testResults":[{"assertionResults":[{"ancestorTitles":["App"],"fullName":"App renders the license agreement modal before showing the app","status":"passed","title":"renders the license agreement modal before showing the app","duration":438.2372000000005,"failureMessages":[],"meta":{},"tags":[]},{"ancestorTitles":["App"],"fullName":"App renders the upload screen after accepting license","status":"failed","title":"renders the upload screen after accepting license","duration":1427.2672999999995,"failureMessages":["TestingLibraryElementError: Unable to find an accessible element with the role \"button\" and name `/loading data|reload built-in dataset/i`\n\nHere are the accessible roles:\n\n  banner:\n\n  Name \"\":\n  \u001b[36m<header\u001b[39m\n    \u001b[33mclass\u001b[39m=\u001b[32m\"bg-white border-b border-gray-200 sticky top-0 z-10\"\u001b[39m\n  \u001b[36m/>\u001b[39m\n\n  --------------------------------------------------\n  heading:\n\n  Name \"Union County Voter Intelligence\":\n  \u001b[36m<h1\u001b[39m\n    \u001b[33mclass\u001b[39m=\u001b[32m\"text-xl font-bold tracking-tight\"\u001b[39m\n  \u001b[36m/>\u001b[39m\n\n  Name \"10\":\n  \u001b[36m<h3\u001b[39m\n    \u001b[33mclass\u001b[39m=\u001b[32m\"text-2xl font-bold text-gray-900\"\u001b[39m\n  \u001b[36m/>\u001b[39m\n\n  Name \"8\":\n  \u001b[36m<h3\u001b[39m\n    \u001b[33mclass\u001b[39m=\u001b[32m\"text-2xl font-bold text-gray-900\"\u001b[39m\n  \u001b[36m/>\u001b[39m\n\n  Name \"80.00%\":\n  \u001b[36m<h3\u001b[39m\n    \u001b[33mclass\u001b[39m=\u001b[32m\"text-2xl font-bold text-gray-900\"\u001b[39m\n  \u001b[36m/>\u001b[39m\n\n  Name \"1\":\n  \u001b[36m<h3\u001b[39m\n    \u001b[33mclass\u001b[39m=\u001b[32m\"text-2xl font-bold text-gray-900\"\u001b[39m\n  \u001b[36m/>\u001b[39m\n\n  Name \"N/A\":\n  \u001b[36m<h3\u001b[39m\n    \u001b[33mclass\u001b[39m=\u001b[32m\"text-2xl font-bold text-gray-900\"\u001b[39m\n  \u001b[36m/>\u001b[39m\n\n  Name \"Trend Signals (2024 vs 2023)\":\n  \u001b[36m<h3\u001b[39m\n    \u001b[33mclass\u001b[39m=\u001b[32m\"text-lg font-bold text-gray-900\"\u001b[39m\n  \u001b[36m/>\u001b[39m\n\n  Name \"Data Quality and Provenance\":\n  \u001b[36m<h3\u001b[39m\n    \u001b[33mclass\u001b[39m=\u001b[32m\"text-lg font-bold text-gray-900\"\u001b[39m\n  \u001b[36m/>\u001b[39m\n\n  Name \"Scenario Planner\":\n  \u001b[36m<h3\u001b[39m\n    \u001b[33mclass\u001b[39m=\u001b[32m\"text-lg font-bold text-gray-900\"\u001b[39m\n  \u001b[36m/>\u001b[39m\n\n  Name \"Opportunity Targets (Top Quartile)\":\n  \u001b[36m<h3\u001b[39m\n    \u001b[33mclass\u001b[39m=\u001b[32m\"text-lg font-bold text-gray-900\"\u001b[39m\n  \u001b[36m/>\u001b[39m\n\n  Name \"Turnout Choropleth Map\":\n  \u001b[36m<h3\u001b[39m\n    \u001b[33mclass\u001b[39m=\u001b[32m\"text-lg font-bold text-gray-900 flex items-center gap-2\"\u001b[39m\n  \u001b[36m/>\u001b[39m\n\n  Name \"Precinct Insights\":\n  \u001b[36m<h3\u001b[39m\n    \u001b[33mclass\u001b[39m=\u001b[32m\"text-lg font-bold text-gray-900 flex items-center gap-2\"\u001b[39m\n  \u001b[36m/>\u001b[39m\n\n  --------------------------------------------------\n  paragraph:\n\n  Name \"\":\n  \u001b[36m<p\u001b[39m\n    \u001b[33mclass\u001b[39m=\u001b[32m\"text-xs text-gray-500 font-medium uppercase tracking-wider\"\u001b[39m\n  \u001b[36m/>\u001b[39m\n\n  Name \"\":\n  \u001b[36m<p\u001b[39m\n    \u001b[33mclass\u001b[39m=\u001b[32m\"text-[11px] text-gray-500\"\u001b[39m\n  \u001b[36m/>\u001b[39m\n\n  Name \"\":\n  \u001b[36m<p\u001b[39m\n    \u001b[33mclass\u001b[39m=\u001b[32m\"text-sm font-medium text-gray-500\"\u001b[39m\n  \u001b[36m/>\u001b[39m\n\n  Name \"\":\n  \u001b[36m<p\u001b[39m\n    \u001b[33mclass\u001b[39m=\u001b[32m\"text-sm font-medium text-gray-500\"\u001b[39m\n  \u001b[36m/>\u001b[39m\n\n  Name \"\":\n  \u001b[36m<p\u001b[39m\n    \u001b[33mclass\u001b[39m=\u001b[32m\"text-sm font-medium text-gray-500\"\u001b[39m\n  \u001b[36m/>\u001b[39m\n\n  Name \"\":\n  \u001b[36m<p\u001b[39m\n    \u001b[33mclass\u001b[39m=\u001b[32m\"text-sm font-medium text-gray-500\"\u001b[39m\n  \u001b[36m/>\u001b[39m\n\n  Name \"\":\n  \u001b[36m<p\u001b[39m\n    \u001b[33mclass\u001b[39m=\u001b[32m\"text-sm font-medium text-gray-500\"\u001b[39m\n  \u001b[36m/>\u001b[39m\n\n  Name \"\":\n  \u001b[36m<p\u001b[39m\n    \u001b[33mclass\u001b[39m=\u001b[32m\"text-sm text-gray-400 mt-1\"\u001b[39m\n  \u001b[36m/>\u001b[39m\n\n  Name \"\":\n  \u001b[36m<p\u001b[39m\n    \u001b[33mclass\u001b[39m=\u001b[32m\"text-xs font-bold uppercase tracking-wider text-emerald-700\"\u001b[39m\n  \u001b[36m/>\u001b[39m\n\n  Name \"\":\n  \u001b[36m<p\u001b[39m\n    \u001b[33mclass\u001b[39m=\u001b[32m\"text-xs font-bold uppercase tracking-wider text-rose-700\"\u001b[39m\n  \u001b[36m/>\u001b[39m\n\n  Name \"\":\n  \u001b[36m<p\u001b[39m\n    \u001b[33mclass\u001b[39m=\u001b[32m\"text-xs font-bold uppercase tracking-wider text-blue-700\"\u001b[39m\n  \u001b[36m/>\u001b[39m\n\n  Name \"\":\n  \u001b[36m<p\u001b[39m\n    \u001b[33mclass\u001b[39m=\u001b[32m\"text-xs text-gray-500\"\u001b[39m\n  \u001b[36m/>\u001b[39m\n\n  Name \"\":\n  \u001b[36m<p\u001b[39m\n    \u001b[33mclass\u001b[39m=\u001b[32m\"text-xs font-bold uppercase tracking-wider text-blue-700\"\u001b[39m\n  \u001b[36m/>\u001b[39m\n\n  Name \"\":\n  \u001b[36m<p\u001b[39m\n    \u001b[33mclass\u001b[39m=\u001b[32m\"mt-1 text-xl font-bold text-blue-900\"\u001b[39m\n  \u001b[36m/>\u001b[39m\n\n  Name \"\":\n  \u001b[36m<p\u001b[39m\n    \u001b[33mclass\u001b[39m=\u001b[32m\"text-xs font-bold uppercase tracking-wider text-purple-700\"\u001b[39m\n  \u001b[36m/>\u001b[39m\n\n  Name \"\":\n  \u001b[36m<p\u001b[39m\n    \u001b[33mclass\u001b[39m=\u001b[32m\"mt-1 text-xl font-bold text-purple-900\"\u001b[39m\n  \u001b[36m/>\u001b[39m\n\n  Name \"\":\n  \u001b[36m<p\u001b[39m\n    \u001b[33mclass\u001b[39m=\u001b[32m\"text-xs font-bold uppercase tracking-wider text-orange-700\"\u001b[39m\n  \u001b[36m/>\u001b[39m\n\n  Name \"\":\n  \u001b[36m<p\u001b[39m\n    \u001b[33mclass\u001b[39m=\u001b[32m\"mt-1 text-xl font-bold text-orange-900\"\u001b[39m\n  \u001b[36m/>\u001b[39m\n\n  Name \"\":\n  \u001b[36m<p\u001b[39m\n    \u001b[33mclass\u001b[39m=\u001b[32m\"text-xs font-bold uppercase tracking-wider text-slate-700\"\u001b[39m\n  \u001b[36m/>\u001b[39m\n\n  Name \"\":\n  \u001b[36m<p\u001b[39m\n    \u001b[33mclass\u001b[39m=\u001b[32m\"mt-1 text-xl font-bold text-slate-900\"\u001b[39m\n  \u001b[36m/>\u001b[39m\n\n  Name \"\":\n  \u001b[36m<p\u001b[39m\n    \u001b[33mclass\u001b[39m=\u001b[32m\"text-xs uppercase tracking-wider font-bold text-gray-500\"\u001b[39m\n  \u001b[36m/>\u001b[39m\n\n  Name \"\":\n  \u001b[36m<p\u001b[39m\n    \u001b[33mclass\u001b[39m=\u001b[32m\"mt-1 font-semibold text-gray-900\"\u001b[39m\n  \u001b[36m/>\u001b[39m\n\n  Name \"\":\n  \u001b[36m<p\u001b[39m\n    \u001b[33mclass\u001b[39m=\u001b[32m\"text-xs text-gray-500 mt-1\"\u001b[39m\n  \u001b[36m/>\u001b[39m\n\n  Name \"\":\n  \u001b[36m<p\u001b[39m\n    \u001b[33mclass\u001b[39m=\u001b[32m\"text-xs uppercase tracking-wider font-bold text-gray-500\"\u001b[39m\n  \u001b[36m/>\u001b[39m\n\n  Name \"\":\n  \u001b[36m<p\u001b[39m\n    \u001b[33mclass\u001b[39m=\u001b[32m\"mt-1 font-semibold text-gray-900\"\u001b[39m\n  \u001b[36m/>\u001b[39m\n\n  Name \"\":\n  \u001b[36m<p\u001b[39m\n    \u001b[33mclass\u001b[39m=\u001b[32m\"text-xs text-gray-500 mt-1\"\u001b[39m\n  \u001b[36m/>\u001b[39m\n\n  Name \"\":\n  \u001b[36m<p\u001b[39m\n    \u001b[33mclass\u001b[39m=\u001b[32m\"text-xs uppercase tracking-wider font-bold text-gray-500\"\u001b[39m\n  \u001b[36m/>\u001b[39m\n\n  Name \"\":\n  \u001b[36m<p\u001b[39m\n    \u001b[33mclass\u001b[39m=\u001b[32m\"mt-1 font-semibold text-gray-900\"\u001b[39m\n  \u001b[36m/>\u001b[39m\n\n  Name \"\":\n  \u001b[36m<p\u001b[39m\n    \u001b[33mclass\u001b[39m=\u001b[32m\"text-xs text-gray-500 mt-1\"\u001b[39m\n  \u001b[36m/>\u001b[39m\n\n  Name \"\":\n  \u001b[36m<p\u001b[39m\n    \u001b[33mclass\u001b[39m=\u001b[32m\"text-xs uppercase tracking-wider font-bold text-emerald-800\"\u001b[39m\n  \u001b[36m/>\u001b[39m\n\n  Name \"\":\n  \u001b[36m<p\u001b[39m\n    \u001b[33mclass\u001b[39m=\u001b[32m\"mt-2 text-sm text-emerald-900\"\u001b[39m\n  \u001b[36m/>\u001b[39m\n\n  Name \"\":\n  \u001b[36m<p\u001b[39m\n    \u001b[33mclass\u001b[39m=\u001b[32m\"text-xs uppercase tracking-wider font-bold text-gray-500\"\u001b[39m\n  \u001b[36m/>\u001b[39m\n\n  Name \"\":\n  \u001b[36m<p\u001b[39m\n    \u001b[33mclass\u001b[39m=\u001b[32m\"mt-1 text-2xl font-bold text-gray-900\"\u001b[39m\n  \u001b[36m/>\u001b[39m\n\n  Name \"\":\n  \u001b[36m<p\u001b[39m\n    \u001b[33mclass\u001b[39m=\u001b[32m\"text-xs uppercase tracking-wider font-bold text-blue-700\"\u001b[39m\n  \u001b[36m/>\u001b[39m\n\n  Name \"\":\n  \u001b[36m<p\u001b[39m\n    \u001b[33mclass\u001b[39m=\u001b[32m\"mt-1 text-2xl font-bold text-blue-900\"\u001b[39m\n  \u001b[36m/>\u001b[39m\n\n  Name \"\":\n  \u001b[36m<p\u001b[39m\n    \u001b[33mclass\u001b[39m=\u001b[32m\"text-xs uppercase tracking-wider font-bold text-emerald-700\"\u001b[39m\n  \u001b[36m/>\u001b[39m\n\n  Name \"\":\n  \u001b[36m<p\u001b[39m\n    \u001b[33mclass\u001b[39m=\u001b[32m\"mt-1 text-2xl font-bold text-emerald-900\"\u001b[39m\n  \u001b[36m/>\u001b[39m\n\n  Name \"\":\n  \u001b[36m<p\u001b[39m\n    \u001b[33mclass\u001b[39m=\u001b[32m\"text-xs uppercase tracking-wider font-bold text-blue-700\"\u001b[39m\n  \u001b[36m/>\u001b[39m\n\n  Name \"\":\n  \u001b[36m<p\u001b[39m\n    \u001b[33mclass\u001b[39m=\u001b[32m\"text-[11px] uppercase tracking-wider font-semibold text-blue-700\"\u001b[39m\n  \u001b[36m/>\u001b[39m\n\n  Name \"\":\n  \u001b[36m<p\u001b[39m\n    \u001b[33mclass\u001b[39m=\u001b[32m\"mt-1 font-bold text-blue-900\"\u001b[39m\n  \u001b[36m/>\u001b[39m\n\n  Name \"\":\n  \u001b[36m<p\u001b[39m\n    \u001b[33mclass\u001b[39m=\u001b[32m\"text-[11px] uppercase tracking-wider font-semibold text-blue-700\"\u001b[39m\n  \u001b[36m/>\u001b[39m\n\n  Name \"\":\n  \u001b[36m<p\u001b[39m\n    \u001b[33mclass\u001b[39m=\u001b[32m\"mt-1 font-bold text-blue-900\"\u001b[39m\n  \u001b[36m/>\u001b[39m\n\n  Name \"\":\n  \u001b[36m<p\u001b[39m\n    \u001b[33mclass\u001b[39m=\u001b[32m\"text-[11px] uppercase tracking-wider font-semibold text-blue-700\"\u001b[39m\n  \u001b[36m/>\u001b[39m\n\n  Name \"\":\n  \u001b[36m<p\u001b[39m\n    \u001b[33mclass\u001b[39m=\u001b[32m\"mt-1 font-bold text-blue-900\"\u001b[39m\n  \u001b[36m/>\u001b[39m\n\n  Name \"\":\n  \u001b[36m<p\u001b[39m\n    \u001b[33mclass\u001b[39m=\u001b[32m\"text-xs uppercase tracking-wider font-bold text-gray-600 mb-3\"\u001b[39m\n  \u001b[36m/>\u001b[39m\n\n  Name \"\":\n  \u001b[36m<p\u001b[39m\n    \u001b[33mclass\u001b[39m=\u001b[32m\"text-xs text-gray-500\"\u001b[39m\n  \u001b[36m/>\u001b[39m\n\n  Name \"\":\n  \u001b[36m<p\u001b[39m\n    \u001b[33mclass\u001b[39m=\u001b[32m\"text-xs text-gray-400 font-medium italic\"\u001b[39m\n  \u001b[36m/>\u001b[39m\n\n  Name \"\":\n  \u001b[36m<p\u001b[39m\n    \u001b[33mclass\u001b[39m=\u001b[32m\"text-gray-500 font-medium\"\u001b[39m\n  \u001b[36m/>\u001b[39m\n\n  Name \"\":\n  \u001b[36m<p\u001b[39m\n    \u001b[33mclass\u001b[39m=\u001b[32m\"font-bold text-gray-900\"\u001b[39m\n  \u001b[36m/>\u001b[39m\n\n  Name \"\":\n  \u001b[36m<p\u001b[39m\n    \u001b[33mclass\u001b[39m=\u001b[32m\"text-sm text-gray-500\"\u001b[39m\n  \u001b[36m/>\u001b[39m\n\n  Name \"\":\n  \u001b[36m<p\u001b[39m\n    \u001b[33mclass\u001b[39m=\u001b[32m\"text-sm text-gray-400\"\u001b[39m\n  \u001b[36m/>\u001b[39m\n\n  --------------------------------------------------\n  button:\n\n  Name \"Data Upload\":\n  \u001b[36m<button\u001b[39m\n    \u001b[33mclass\u001b[39m=\u001b[32m\"flex items-center gap-2 px-6 py-3 font-medium transition-all relative text-gray-500 hover:text-gray-700\"\u001b[39m\n  \u001b[36m/>\u001b[39m\n\n  Name \"Dashboard\":\n  \u001b[36m<button\u001b[39m\n    \u001b[33mclass\u001b[39m=\u001b[32m\"flex items-center gap-2 px-6 py-3 font-medium transition-all relative text-blue-600\"\u001b[39m\n  \u001b[36m/>\u001b[39m\n\n  Name \"How-To\":\n  \u001b[36m<button\u001b[39m\n    \u001b[33mclass\u001b[39m=\u001b[32m\"flex items-center gap-2 px-6 py-3 font-medium transition-all relative text-gray-500 hover:text-gray-700\"\u001b[39m\n  \u001b[36m/>\u001b[39m\n\n  Name \"Export Summary CSV\":\n  \u001b[36m<button\u001b[39m\n    \u001b[33mclass\u001b[39m=\u001b[32m\"flex items-center gap-2 px-4 py-2 rounded-lg text-sm font-bold transition-colors shadow-sm bg-green-600 text-white hover:bg-green-700\"\u001b[39m\n  \u001b[36m/>\u001b[39m\n\n  Name \"Copy Assumptions\":\n  \u001b[36m<button\u001b[39m\n    \u001b[33mclass\u001b[39m=\u001b[32m\"px-4 py-2 rounded-lg text-sm font-semibold transition-colors bg-slate-100 text-slate-700 hover:bg-slate-200\"\u001b[39m\n  \u001b[36m/>\u001b[39m\n\n  Name \"Export Planning Bundle CSV\":\n  \u001b[36m<button\u001b[39m\n    \u001b[33mclass\u001b[39m=\u001b[32m\"px-4 py-2 rounded-lg text-sm font-semibold transition-colors bg-slate-700 text-white hover:bg-slate-800\"\u001b[39m\n  \u001b[36m/>\u001b[39m\n\n  Name \"Export Scenario CSV\":\n  \u001b[36m<button\u001b[39m\n    \u001b[33mclass\u001b[39m=\u001b[32m\"px-4 py-2 rounded-lg text-sm font-semibold transition-colors bg-emerald-600 text-white hover:bg-emerald-700\"\u001b[39m\n  \u001b[36m/>\u001b[39m\n\n  Name \"Export Targets CSV\":\n  \u001b[36m<button\u001b[39m\n    \u001b[33mclass\u001b[39m=\u001b[32m\"px-3 py-1.5 rounded-md text-xs font-semibold transition-colors bg-amber-500 text-white hover:bg-amber-600\"\u001b[39m\n  \u001b[36m/>\u001b[39m\n\n  Name \"Export Selected CSV\":\n  \u001b[36m<button\u001b[39m\n    \u001b[33mclass\u001b[39m=\u001b[32m\"px-3 py-1.5 rounded-md text-xs font-semibold transition-colors bg-slate-100 text-slate-300 cursor-not-allowed\"\u001b[39m\n    \u001b[33mdisabled\u001b[39m=\u001b[32m\"\"\u001b[39m\n  \u001b[36m/>\u001b[39m\n\n  Name \"Copy Selected Precincts\":\n  \u001b[36m<button\u001b[39m\n    \u001b[33mclass\u001b[39m=\u001b[32m\"px-3 py-1.5 rounded-md text-xs font-semibold transition-colors bg-slate-100 text-slate-300 cursor-not-allowed\"\u001b[39m\n    \u001b[33mdisabled\u001b[39m=\u001b[32m\"\"\u001b[39m\n  \u001b[36m/>\u001b[39m\n\n  Name \"Select all visible\":\n  \u001b[36m<button\u001b[39m\n    \u001b[33mclass\u001b[39m=\u001b[32m\"font-semibold text-blue-700 hover:text-blue-800 disabled:text-gray-400\"\u001b[39m\n  \u001b[36m/>\u001b[39m\n\n  Name \"Clear\":\n  \u001b[36m<button\u001b[39m\n    \u001b[33mclass\u001b[39m=\u001b[32m\"font-semibold text-gray-700 hover:text-gray-900 disabled:text-gray-400\"\u001b[39m\n    \u001b[33mdisabled\u001b[39m=\u001b[32m\"\"\u001b[39m\n  \u001b[36m/>\u001b[39m\n\n  Name \"Focus Precinct\":\n  \u001b[36m<button\u001b[39m\n    \u001b[33mclass\u001b[39m=\u001b[32m\"px-3 py-1.5 rounded-md text-xs font-semibold bg-blue-50 text-blue-700 hover:bg-blue-100\"\u001b[39m\n  \u001b[36m/>\u001b[39m\n\n  --------------------------------------------------\n  main:\n\n  Name \"\":\n  \u001b[36m<main\u001b[39m\n    \u001b[33mclass\u001b[39m=\u001b[32m\"max-w-7xl mx-auto px-4 sm:px-6 lg:px-8 py-8\"\u001b[39m\n  \u001b[36m/>\u001b[39m\n\n  --------------------------------------------------\n  combobox:\n\n  Name \"Election Year\":\n  \u001b[36m<select\u001b[39m\n    \u001b[33maria-label\u001b[39m=\u001b[32m\"Election Year\"\u001b[39m\n    \u001b[33mclass\u001b[39m=\u001b[32m\"bg-gray-50 border border-gray-200 rounded-lg px-3 py-1.5 text-sm font-semibold focus:ring-2 focus:ring-blue-500 outline-none\"\u001b[39m\n    \u001b[33mid\u001b[39m=\u001b[32m\"election-year\"\u001b[39m\n  \u001b[36m/>\u001b[39m\n\n  Name \"Precinct\":\n  \u001b[36m<select\u001b[39m\n    \u001b[33maria-label\u001b[39m=\u001b[32m\"Precinct\"\u001b[39m\n    \u001b[33mclass\u001b[39m=\u001b[32m\"bg-gray-50 border border-gray-200 rounded-lg px-3 py-1.5 text-sm font-semibold focus:ring-2 focus:ring-blue-500 outline-none\"\u001b[39m\n    \u001b[33mid\u001b[39m=\u001b[32m\"precinct-filter\"\u001b[39m\n  \u001b[36m/>\u001b[39m\n\n  Name \"Opportunity Action Filter\":\n  \u001b[36m<select\u001b[39m\n    \u001b[33maria-label\u001b[39m=\u001b[32m\"Opportunity Action Filter\"\u001b[39m\n    \u001b[33mclass\u001b[39m=\u001b[32m\"bg-gray-50 border border-gray-200 rounded-md px-2 py-1 text-xs font-semibold text-gray-700 focus:ring-2 focus:ring-amber-500 outline-none\"\u001b[39m\n    \u001b[33mid\u001b[39m=\u001b[32m\"opportunity-action-filter\"\u001b[39m\n  \u001b[36m/>\u001b[39m\n\n  --------------------------------------------------\n  option:\n\n  Name \"2020\":\n  \u001b[36m<option\u001b[39m\n    \u001b[33mvalue\u001b[39m=\u001b[32m\"2020\"\u001b[39m\n  \u001b[36m/>\u001b[39m\n\n  Name \"2021\":\n  \u001b[36m<option\u001b[39m\n    \u001b[33mvalue\u001b[39m=\u001b[32m\"2021\"\u001b[39m\n  \u001b[36m/>\u001b[39m\n\n  Name \"2022\":\n  \u001b[36m<option\u001b[39m\n    \u001b[33mvalue\u001b[39m=\u001b[32m\"2022\"\u001b[39m\n  \u001b[36m/>\u001b[39m\n\n  Name \"2023\":\n  \u001b[36m<option\u001b[39m\n    \u001b[33mvalue\u001b[39m=\u001b[32m\"2023\"\u001b[39m\n  \u001b[36m/>\u001b[39m\n\n  Name \"2024\":\n  \u001b[36m<option\u001b[39m\n    \u001b[33mvalue\u001b[39m=\u001b[32m\"2024\"\u001b[39m\n  \u001b[36m/>\u001b[39m\n\n  Name \"2025\":\n  \u001b[36m<option\u001b[39m\n    \u001b[33mvalue\u001b[39m=\u001b[32m\"2025\"\u001b[39m\n  \u001b[36m/>\u001b[39m\n\n  Name \"All Union County Precincts\":\n  \u001b[36m<option\u001b[39m\n    \u001b[33mvalue\u001b[39m=\u001b[32m\"ALL\"\u001b[39m\n  \u001b[36m/>\u001b[39m\n\n  Name \"01\":\n  \u001b[36m<option\u001b[39m\n    \u001b[33mvalue\u001b[39m=\u001b[32m\"01\"\u001b[39m\n  \u001b[36m/>\u001b[39m\n\n  Name \"All actions\":\n  \u001b[36m<option\u001b[39m\n    \u001b[33mvalue\u001b[39m=\u001b[32m\"ALL\"\u001b[39m\n  \u001b[36m/>\u001b[39m\n\n  Name \"Registration Growth\":\n  \u001b[36m<option\u001b[39m\n    \u001b[33mvalue\u001b[39m=\u001b[32m\"Registration Growth\"\u001b[39m\n  \u001b[36m/>\u001b[39m\n\n  Name \"Persuasion\":\n  \u001b[36m<option\u001b[39m\n    \u001b[33mvalue\u001b[39m=\u001b[32m\"Persuasion\"\u001b[39m\n  \u001b[36m/>\u001b[39m\n\n  Name \"GOTV Chase\":\n  \u001b[36m<option\u001b[39m\n    \u001b[33mvalue\u001b[39m=\u001b[32m\"GOTV Chase\"\u001b[39m\n  \u001b[36m/>\u001b[39m\n\n  Name \"Election Day Logistics\":\n  \u001b[36m<option\u001b[39m\n    \u001b[33mvalue\u001b[39m=\u001b[32m\"Election Day Logistics\"\u001b[39m\n  \u001b[36m/>\u001b[39m\n\n  --------------------------------------------------\n  slider:\n\n  Name \"Modeled turnout lift across selected year and precinct filter\":\n  \u001b[36m<input\u001b[39m\n    \u001b[33mclass\u001b[39m=\u001b[32m\"w-full\"\u001b[39m\n    \u001b[33mid\u001b[39m=\u001b[32m\"scenario-lift\"\u001b[39m\n    \u001b[33mmax\u001b[39m=\u001b[32m\"20\"\u001b[39m\n    \u001b[33mmin\u001b[39m=\u001b[32m\"0\"\u001b[39m\n    \u001b[33mstep\u001b[39m=\u001b[32m\"0.5\"\u001b[39m\n    \u001b[33mtype\u001b[39m=\u001b[32m\"range\"\u001b[39m\n    \u001b[33mvalue\u001b[39m=\u001b[32m\"5\"\u001b[39m\n  \u001b[36m/>\u001b[39m\n\n  --------------------------------------------------\n  table:\n\n  Name \"\":\n  \u001b[36m<table\u001b[39m\n    \u001b[33mclass\u001b[39m=\u001b[32m\"w-full text-left border-collapse\"\u001b[39m\n  \u001b[36m/>\u001b[39m\n\n  Name \"\":\n  \u001b[36m<table\u001b[39m\n    \u001b[33mclass\u001b[39m=\u001b[32m\"w-full text-left border-collapse\"\u001b[39m\n  \u001b[36m/>\u001b[39m\n\n  --------------------------------------------------\n  rowgroup:\n\n  Name \"\":\n  \u001b[36m<thead />\u001b[39m\n\n  Name \"\":\n  \u001b[36m<tbody\u001b[39m\n    \u001b[33mclass\u001b[39m=\u001b[32m\"divide-y divide-gray-100\"\u001b[39m\n  \u001b[36m/>\u001b[39m\n\n  Name \"\":\n  \u001b[36m<thead />\u001b[39m\n\n  Name \"\":\n  \u001b[36m<tbody\u001b[39m\n    \u001b[33mclass\u001b[39m=\u001b[32m\"divide-y divide-gray-100\"\u001b[39m\n  \u001b[36m/>\u001b[39m\n\n  --------------------------------------------------\n  row:\n\n  Name \"Select Rank Precinct Score Recommended Action Turnout Gap Reg. Mass CVAP Gap Recent Decline Action\":\n  \u001b[36m<tr\u001b[39m\n    \u001b[33mclass\u001b[39m=\u001b[32m\"bg-gray-50 border-b border-gray-200\"\u001b[39m\n  \u001b[36m/>\u001b[39m\n\n  Name \"Select target 01 1 01 0.0 GOTV Chase 0 0 0 0 Focus Precinct\":\n  \u001b[36m<tr\u001b[39m\n    \u001b[33mclass\u001b[39m=\u001b[32m\"hover:bg-gray-50\"\u001b[39m\n  \u001b[36m/>\u001b[39m\n\n  Name \"Precinct CVAP Reg. Total Reg. / CVAP Ballots Cast Turnout % Turnout ╬ö YoY Trend Reg. REP Reg. DEM Reg. UNA Reg. White Reg. Black Turnout Black %\":\n  \u001b[36m<tr\u001b[39m\n    \u001b[33mclass\u001b[39m=\u001b[32m\"bg-gray-50 border-b border-gray-200\"\u001b[39m\n  \u001b[36m/>\u001b[39m\n\n  Name \"01 N/A 10 N/A 8 80.00% +30.00 pts Improving 10 0 0 10 0 0.00%\":\n  \u001b[36m<tr\u001b[39m\n    \u001b[33mclass\u001b[39m=\u001b[32m\"hover:bg-gray-50 transition-colors\"\u001b[39m\n  \u001b[36m/>\u001b[39m\n\n  Name \"ALL UNION COUNTY 0 10 N/A 8 80.00% +30.00 pts County Aggregate 10 0 0 10 0 0.00%\":\n  \u001b[36m<tr\u001b[39m\n    \u001b[33mclass\u001b[39m=\u001b[32m\"bg-blue-50/50 font-bold border-t-2 border-blue-100\"\u001b[39m\n  \u001b[36m/>\u001b[39m\n\n  --------------------------------------------------\n  columnheader:\n\n  Name \"Select\":\n  \u001b[36m<th\u001b[39m\n    \u001b[33mclass\u001b[39m=\u001b[32m\"px-4 py-3 text-xs font-bold text-gray-500 uppercase tracking-wider\"\u001b[39m\n  \u001b[36m/>\u001b[39m\n\n  Name \"Rank\":\n  \u001b[36m<th\u001b[39m\n    \u001b[33mclass\u001b[39m=\u001b[32m\"px-4 py-3 text-xs font-bold text-gray-500 uppercase tracking-wider\"\u001b[39m\n  \u001b[36m/>\u001b[39m\n\n  Name \"Precinct\":\n  \u001b[36m<th\u001b[39m\n    \u001b[33mclass\u001b[39m=\u001b[32m\"px-4 py-3 text-xs font-bold text-gray-500 uppercase tracking-wider\"\u001b[39m\n  \u001b[36m/>\u001b[39m\n\n  Name \"Score\":\n  \u001b[36m<th\u001b[39m\n    \u001b[33mclass\u001b[39m=\u001b[32m\"px-4 py-3 text-xs font-bold text-gray-500 uppercase tracking-wider\"\u001b[39m\n  \u001b[36m/>\u001b[39m\n\n  Name \"Recommended Action\":\n  \u001b[36m<th\u001b[39m\n    \u001b[33mclass\u001b[39m=\u001b[32m\"px-4 py-3 text-xs font-bold text-gray-500 uppercase tracking-wider\"\u001b[39m\n  \u001b[36m/>\u001b[39m\n\n  Name \"Turnout Gap\":\n  \u001b[36m<th\u001b[39m\n    \u001b[33mclass\u001b[39m=\u001b[32m\"px-4 py-3 text-xs font-bold text-gray-500 uppercase tracking-wider\"\u001b[39m\n  \u001b[36m/>\u001b[39m\n\n  Name \"Reg. Mass\":\n  \u001b[36m<th\u001b[39m\n    \u001b[33mclass\u001b[39m=\u001b[32m\"px-4 py-3 text-xs font-bold text-gray-500 uppercase tracking-wider\"\u001b[39m\n  \u001b[36m/>\u001b[39m\n\n  Name \"CVAP Gap\":\n  \u001b[36m<th\u001b[39m\n    \u001b[33mclass\u001b[39m=\u001b[32m\"px-4 py-3 text-xs font-bold text-gray-500 uppercase tracking-wider\"\u001b[39m\n  \u001b[36m/>\u001b[39m\n\n  Name \"Recent Decline\":\n  \u001b[36m<th\u001b[39m\n    \u001b[33mclass\u001b[39m=\u001b[32m\"px-4 py-3 text-xs font-bold text-gray-500 uppercase tracking-wider\"\u001b[39m\n  \u001b[36m/>\u001b[39m\n\n  Name \"Action\":\n  \u001b[36m<th\u001b[39m\n    \u001b[33mclass\u001b[39m=\u001b[32m\"px-4 py-3 text-xs font-bold text-gray-500 uppercase tracking-wider\"\u001b[39m\n  \u001b[36m/>\u001b[39m\n\n  Name \"Precinct\":\n  \u001b[36m<th\u001b[39m\n    \u001b[33mclass\u001b[39m=\u001b[32m\"px-6 py-4 text-xs font-bold text-gray-500 uppercase tracking-wider sticky left-0 bg-gray-50 z-10\"\u001b[39m\n  \u001b[36m/>\u001b[39m\n\n  Name \"CVAP\":\n  \u001b[36m<th\u001b[39m\n    \u001b[33mclass\u001b[39m=\u001b[32m\"px-6 py-4 text-xs font-bold text-gray-500 uppercase tracking-wider\"\u001b[39m\n  \u001b[36m/>\u001b[39m\n\n  Name \"Reg. Total\":\n  \u001b[36m<th\u001b[39m\n    \u001b[33mclass\u001b[39m=\u001b[32m\"px-6 py-4 text-xs font-bold text-gray-500 uppercase tracking-wider\"\u001b[39m\n  \u001b[36m/>\u001b[39m\n\n  Name \"Reg. / CVAP\":\n  \u001b[36m<th\u001b[39m\n    \u001b[33mclass\u001b[39m=\u001b[32m\"px-6 py-4 text-xs font-bold text-gray-500 uppercase tracking-wider\"\u001b[39m\n  \u001b[36m/>\u001b[39m\n\n  Name \"Ballots Cast\":\n  \u001b[36m<th\u001b[39m\n    \u001b[33mclass\u001b[39m=\u001b[32m\"px-6 py-4 text-xs font-bold text-gray-500 uppercase tracking-wider\"\u001b[39m\n  \u001b[36m/>\u001b[39m\n\n  Name \"Turnout %\":\n  \u001b[36m<th\u001b[39m\n    \u001b[33mclass\u001b[39m=\u001b[32m\"px-6 py-4 text-xs font-bold text-gray-500 uppercase tracking-wider\"\u001b[39m\n  \u001b[36m/>\u001b[39m\n\n  Name \"Turnout ╬ö YoY\":\n  \u001b[36m<th\u001b[39m\n    \u001b[33mclass\u001b[39m=\u001b[32m\"px-6 py-4 text-xs font-bold text-gray-500 uppercase tracking-wider\"\u001b[39m\n  \u001b[36m/>\u001b[39m\n\n  Name \"Trend\":\n  \u001b[36m<th\u001b[39m\n    \u001b[33mclass\u001b[39m=\u001b[32m\"px-6 py-4 text-xs font-bold text-gray-500 uppercase tracking-wider\"\u001b[39m\n  \u001b[36m/>\u001b[39m\n\n  Name \"Reg. REP\":\n  \u001b[36m<th\u001b[39m\n    \u001b[33mclass\u001b[39m=\u001b[32m\"px-6 py-4 text-xs font-bold text-gray-500 uppercase tracking-wider\"\u001b[39m\n  \u001b[36m/>\u001b[39m\n\n  Name \"Reg. DEM\":\n  \u001b[36m<th\u001b[39m\n    \u001b[33mclass\u001b[39m=\u001b[32m\"px-6 py-4 text-xs font-bold text-gray-500 uppercase tracking-wider\"\u001b[39m\n  \u001b[36m/>\u001b[39m\n\n  Name \"Reg. UNA\":\n  \u001b[36m<th\u001b[39m\n    \u001b[33mclass\u001b[39m=\u001b[32m\"px-6 py-4 text-xs font-bold text-gray-500 uppercase tracking-wider\"\u001b[39m\n  \u001b[36m/>\u001b[39m\n\n  Name \"Reg. White\":\n  \u001b[36m<th\u001b[39m\n    \u001b[33mclass\u001b[39m=\u001b[32m\"px-6 py-4 text-xs font-bold text-gray-500 uppercase tracking-wider\"\u001b[39m\n  \u001b[36m/>\u001b[39m\n\n  Name \"Reg. Black\":\n  \u001b[36m<th\u001b[39m\n    \u001b[33mclass\u001b[39m=\u001b[32m\"px-6 py-4 text-xs font-bold text-gray-500 uppercase tracking-wider\"\u001b[39m\n  \u001b[36m/>\u001b[39m\n\n  Name \"Turnout Black %\":\n  \u001b[36m<th\u001b[39m\n    \u001b[33mclass\u001b[39m=\u001b[32m\"px-6 py-4 text-xs font-bold text-gray-500 uppercase tracking-wider\"\u001b[39m\n  \u001b[36m/>\u001b[39m\n\n  --------------------------------------------------\n  cell:\n\n  Name \"Select target 01\":\n  \u001b[36m<td\u001b[39m\n    \u001b[33mclass\u001b[39m=\u001b[32m\"px-4 py-3\"\u001b[39m\n  \u001b[36m/>\u001b[39m\n\n  Name \"1\":\n  \u001b[36m<td\u001b[39m\n    \u001b[33mclass\u001b[39m=\u001b[32m\"px-4 py-3 text-sm font-bold text-gray-800\"\u001b[39m\n  \u001b[36m/>\u001b[39m\n\n  Name \"01\":\n  \u001b[36m<td\u001b[39m\n    \u001b[33mclass\u001b[39m=\u001b[32m\"px-4 py-3 text-sm font-semibold text-gray-900\"\u001b[39m\n  \u001b[36m/>\u001b[39m\n\n  Name \"0.0\":\n  \u001b[36m<td\u001b[39m\n    \u001b[33mclass\u001b[39m=\u001b[32m\"px-4 py-3 text-sm text-gray-800\"\u001b[39m\n  \u001b[36m/>\u001b[39m\n\n  Name \"GOTV Chase\":\n  \u001b[36m<td\u001b[39m\n    \u001b[33mclass\u001b[39m=\u001b[32m\"px-4 py-3 text-sm text-gray-700\"\u001b[39m\n  \u001b[36m/>\u001b[39m\n\n  Name \"0\":\n  \u001b[36m<td\u001b[39m\n    \u001b[33mclass\u001b[39m=\u001b[32m\"px-4 py-3 text-sm text-gray-700\"\u001b[39m\n  \u001b[36m/>\u001b[39m\n\n  Name \"0\":\n  \u001b[36m<td\u001b[39m\n    \u001b[33mclass\u001b[39m=\u001b[32m\"px-4 py-3 text-sm text-gray-700\"\u001b[39m\n  \u001b[36m/>\u001b[39m\n\n  Name \"0\":\n  \u001b[36m<td\u001b[39m\n    \u001b[33mclass\u001b[39m=\u001b[32m\"px-4 py-3 text-sm text-gray-700\"\u001b[39m\n  \u001b[36m/>\u001b[39m\n\n  Name \"0\":\n  \u001b[36m<td\u001b[39m\n    \u001b[33mclass\u001b[39m=\u001b[32m\"px-4 py-3 text-sm text-gray-700\"\u001b[39m\n  \u001b[36m/>\u001b[39m\n\n  Name \"Focus Precinct\":\n  \u001b[36m<td\u001b[39m\n    \u001b[33mclass\u001b[39m=\u001b[32m\"px-4 py-3\"\u001b[39m\n  \u001b[36m/>\u001b[39m\n\n  Name \"01\":\n  \u001b[36m<td\u001b[39m\n    \u001b[33mclass\u001b[39m=\u001b[32m\"px-6 py-4 font-bold text-gray-900 sticky left-0 bg-white group-hover:bg-gray-50\"\u001b[39m\n  \u001b[36m/>\u001b[39m\n\n  Name \"N/A\":\n  \u001b[36m<td\u001b[39m\n    \u001b[33mclass\u001b[39m=\u001b[32m\"px-6 py-4 text-sm text-gray-600\"\u001b[39m\n  \u001b[36m/>\u001b[39m\n\n  Name \"10\":\n  \u001b[36m<td\u001b[39m\n    \u001b[33mclass\u001b[39m=\u001b[32m\"px-6 py-4 text-sm text-gray-600\"\u001b[39m\n  \u001b[36m/>\u001b[39m\n\n  Name \"N/A\":\n  \u001b[36m<td\u001b[39m\n    \u001b[33mclass\u001b[39m=\u001b[32m\"px-6 py-4 text-sm text-gray-600\"\u001b[39m\n  \u001b[36m/>\u001b[39m\n\n  Name \"8\":\n  \u001b[36m<td\u001b[39m\n    \u001b[33mclass\u001b[39m=\u001b[32m\"px-6 py-4 text-sm text-gray-600\"\u001b[39m\n  \u001b[36m/>\u001b[39m\n\n  Name \"80.00%\":\n  \u001b[36m<td\u001b[39m\n    \u001b[33mclass\u001b[39m=\u001b[32m\"px-6 py-4\"\u001b[39m\n  \u001b[36m/>\u001b[39m\n\n  Name \"+30.00 pts\":\n  \u001b[36m<td\u001b[39m\n    \u001b[33mclass\u001b[39m=\u001b[32m\"px-6 py-4 text-sm text-gray-600\"\u001b[39m\n  \u001b[36m/>\u001b[39m\n\n  Name \"Improving\":\n  \u001b[36m<td\u001b[39m\n    \u001b[33mclass\u001b[39m=\u001b[32m\"px-6 py-4\"\u001b[39m\n  \u001b[36m/>\u001b[39m\n\n  Name \"10\":\n  \u001b[36m<td\u001b[39m\n    \u001b[33mclass\u001b[39m=\u001b[32m\"px-6 py-4 text-sm text-gray-600\"\u001b[39m\n  \u001b[36m/>\u001b[39m\n\n  Name \"0\":\n  \u001b[36m<td\u001b[39m\n    \u001b[33mclass\u001b[39m=\u001b[32m\"px-6 py-4 text-sm text-gray-600\"\u001b[39m\n  \u001b[36m/>\u001b[39m\n\n  Name \"0\":\n  \u001b[36m<td\u001b[39m\n    \u001b[33mclass\u001b[39m=\u001b[32m\"px-6 py-4 text-sm text-gray-600\"\u001b[39m\n  \u001b[36m/>\u001b[39m\n\n  Name \"10\":\n  \u001b[36m<td\u001b[39m\n    \u001b[33mclass\u001b[39m=\u001b[32m\"px-6 py-4 text-sm text-gray-600\"\u001b[39m\n  \u001b[36m/>\u001b[39m\n\n  Name \"0\":\n  \u001b[36m<td\u001b[39m\n    \u001b[33mclass\u001b[39m=\u001b[32m\"px-6 py-4 text-sm text-gray-600\"\u001b[39m\n  \u001b[36m/>\u001b[39m\n\n  Name \"0.00%\":\n  \u001b[36m<td\u001b[39m\n    \u001b[33mclass\u001b[39m=\u001b[32m\"px-6 py-4 text-sm text-gray-600\"\u001b[39m\n  \u001b[36m/>\u001b[39m\n\n  Name \"ALL UNION COUNTY\":\n  \u001b[36m<td\u001b[39m\n    \u001b[33mclass\u001b[39m=\u001b[32m\"px-6 py-4 text-blue-900 sticky left-0 bg-blue-50/50\"\u001b[39m\n  \u001b[36m/>\u001b[39m\n\n  Name \"0\":\n  \u001b[36m<td\u001b[39m\n    \u001b[33mclass\u001b[39m=\u001b[32m\"px-6 py-4 text-sm text-blue-900\"\u001b[39m\n  \u001b[36m/>\u001b[39m\n\n  Name \"10\":\n  \u001b[36m<td\u001b[39m\n    \u001b[33mclass\u001b[39m=\u001b[32m\"px-6 py-4 text-sm text-blue-900\"\u001b[39m\n  \u001b[36m/>\u001b[39m\n\n  Name \"N/A\":\n  \u001b[36m<td\u001b[39m\n    \u001b[33mclass\u001b[39m=\u001b[32m\"px-6 py-4 text-sm text-blue-900\"\u001b[39m\n  \u001b[36m/>\u001b[39m\n\n  Name \"8\":\n  \u001b[36m<td\u001b[39m\n    \u001b[33mclass\u001b[39m=\u001b[32m\"px-6 py-4 text-sm text-blue-900\"\u001b[39m\n  \u001b[36m/>\u001b[39m\n\n  Name \"80.00%\":\n  \u001b[36m<td\u001b[39m\n    \u001b[33mclass\u001b[39m=\u001b[32m\"px-6 py-4\"\u001b[39m\n  \u001b[36m/>\u001b[39m\n\n  Name \"+30.00 pts\":\n  \u001b[36m<td\u001b[39m\n    \u001b[33mclass\u001b[39m=\u001b[32m\"px-6 py-4 text-sm text-blue-900\"\u001b[39m\n  \u001b[36m/>\u001b[39m\n\n  Name \"County Aggregate\":\n  \u001b[36m<td\u001b[39m\n    \u001b[33mclass\u001b[39m=\u001b[32m\"px-6 py-4 text-sm text-blue-900\"\u001b[39m\n  \u001b[36m/>\u001b[39m\n\n  Name \"10\":\n  \u001b[36m<td\u001b[39m\n    \u001b[33mclass\u001b[39m=\u001b[32m\"px-6 py-4 text-sm text-blue-900\"\u001b[39m\n  \u001b[36m/>\u001b[39m\n\n  Name \"0\":\n  \u001b[36m<td\u001b[39m\n    \u001b[33mclass\u001b[39m=\u001b[32m\"px-6 py-4 text-sm text-blue-900\"\u001b[39m\n  \u001b[36m/>\u001b[39m\n\n  Name \"0\":\n  \u001b[36m<td\u001b[39m\n    \u001b[33mclass\u001b[39m=\u001b[32m\"px-6 py-4 text-sm text-blue-900\"\u001b[39m\n  \u001b[36m/>\u001b[39m\n\n  Name \"10\":\n  \u001b[36m<td\u001b[39m\n    \u001b[33mclass\u001b[39m=\u001b[32m\"px-6 py-4 text-sm text-blue-900\"\u001b[39m\n  \u001b[36m/>\u001b[39m\n\n  Name \"0\":\n  \u001b[36m<td\u001b[39m\n    \u001b[33mclass\u001b[39m=\u001b[32m\"px-6 py-4 text-sm text-blue-900\"\u001b[39m\n  \u001b[36m/>\u001b[39m\n\n  Name \"0.00%\":\n  \u001b[36m<td\u001b[39m\n    \u001b[33mclass\u001b[39m=\u001b[32m\"px-6 py-4 text-sm text-blue-900\"\u001b[39m\n  \u001b[36m/>\u001b[39m\n\n  --------------------------------------------------\n  checkbox:\n\n  Name \"Select target 01\":\n  \u001b[36m<input\u001b[39m\n    \u001b[33maria-label\u001b[39m=\u001b[32m\"Select target 01\"\u001b[39m\n    \u001b[33mtype\u001b[39m=\u001b[32m\"checkbox\"\u001b[39m\n  \u001b[36m/>\u001b[39m\n\n  --------------------------------------------------\n  contentinfo:\n\n  Name \"\":\n  \u001b[36m<footer\u001b[39m\n    \u001b[33mclass\u001b[39m=\u001b[32m\"bg-white border-t border-gray-200 py-8 mt-12\"\u001b[39m\n  \u001b[36m/>\u001b[39m\n\n  --------------------------------------------------\n\nIgnored nodes: comments, script, style\n\u001b[36m<body>\u001b[39m\n  \u001b[36m<div>\u001b[39m\n    \u001b[36m<div\u001b[39m\n      \u001b[33mclass\u001b[39m=\u001b[32m\"min-h-screen bg-gray-50 font-sans text-gray-900\"\u001b[39m\n    \u001b[36m>\u001b[39m\n      \u001b[36m<header\u001b[39m\n        \u001b[33mclass\u001b[39m=\u001b[32m\"bg-white border-b border-gray-200 sticky top-0 z-10\"\u001b[39m\n      \u001b[36m>\u001b[39m\n        \u001b[36m<div\u001b[39m\n          \u001b[33mclass\u001b[39m=\u001b[32m\"max-w-7xl mx-auto px-4 sm:px-6 lg:px-8\"\u001b[39m\n        \u001b[36m>\u001b[39m\n          \u001b[36m<div\u001b[39m\n            \u001b[33mclass\u001b[39m=\u001b[32m\"flex justify-between items-center h-16\"\u001b[39m\n          \u001b[36m>\u001b[39m\n            \u001b[36m<div\u001b[39m\n              \u001b[33mclass\u001b[39m=\u001b[32m\"flex items-center gap-3\"\u001b[39m\n            \u001b[36m>\u001b[39m\n              \u001b[36m<div\u001b[39m\n                \u001b[33mclass\u001b[39m=\u001b[32m\"bg-blue-600 p-2 rounded-lg\"\u001b[39m\n              \u001b[36m>\u001b[39m\n                \u001b[36m<svg\u001b[39m\n                  \u001b[33maria-hidden\u001b[39m=\u001b[32m\"true\"\u001b[39m\n                  \u001b[33mclass\u001b[39m=\u001b[32m\"lucide lucide-users text-white\"\u001b[39m\n                  \u001b[33mfill\u001b[39m=\u001b[32m\"none\"\u001b[39m\n                  \u001b[33mheight\u001b[39m=\u001b[32m\"24\"\u001b[39m\n                  \u001b[33mstroke\u001b[39m=\u001b[32m\"currentColor\"\u001b[39m\n                  \u001b[33mstroke-linecap\u001b[39m=\u001b[32m\"round\"\u001b[39m\n                  \u001b[33mstroke-linejoin\u001b[39m=\u001b[32m\"round\"\u001b[39m\n                  \u001b[33mstroke-width\u001b[39m=\u001b[32m\"2\"\u001b[39m\n                  \u001b[33mviewBox\u001b[39m=\u001b[32m\"0 0 24 24\"\u001b[39m\n                  \u001b[33mwidth\u001b[39m=\u001b[32m\"24\"\u001b[39m\n                  \u001b[33mxmlns\u001b[39m=\u001b[32m\"http://www.w3.org/2000/svg\"\u001b[39m\n                \u001b[36m>\u001b[39m\n                  \u001b[36m<path\u001b[39m\n                    \u001b[33md\u001b[39m=\u001b[32m\"M16 21v-2a4 4 0 0 0-4-4H6a4 4 0 0 0-4 4v2\"\u001b[39m\n                  \u001b[36m/>\u001b[39m\n                  \u001b[36m<path\u001b[39m\n                    \u001b[33md\u001b[39m=\u001b[32m\"M16 3.128a4 4 0 0 1 0 7.744\"\u001b[39m\n                  \u001b[36m/>\u001b[39m\n                  \u001b[36m<path\u001b[39m\n                    \u001b[33md\u001b[39m=\u001b[32m\"M22 21v-2a4 4 0 0 0-3-3.87\"\u001b[39m\n                  \u001b[36m/>\u001b[39m\n                  \u001b[36m<circle\u001b[39m\n                    \u001b[33mcx\u001b[39m=\u001b[32m\"9\"\u001b[39m\n                    \u001b[33mcy\u001b[39m=\u001b[32m\"7\"\u001b[39m\n                    \u001b[33mr\u001b[39m=\u001b[32m\"4\"\u001b[39m\n                  \u001b[36m/>\u001b[39m\n                \u001b[36m</svg>\u001b[39m\n              \u001b[36m</div>\u001b[39m\n              \u001b[36m<div>\u001b[39m\n                \u001b[36m<h1\u001b[39m\n                  \u001b[33mclass\u001b[39m=\u001b[32m\"text-xl font-bold tracking-tight\"\u001b[39m\n                \u001b[36m>\u001b[39m\n                  \u001b[0mUnion County\u001b[0m\n                  \u001b[0m Voter Intelligence\u001b[0m\n                \u001b[36m</h1>\u001b[39m\n                \u001b[36m<p\u001b[39m\n                  \u001b[33mclass\u001b[39m=\u001b[32m\"text-xs text-gray-500 font-medium uppercase tracking-wider\"\u001b[39m\n                \u001b[36m>\u001b[39m\n                  \u001b[0mField Organizer Dashboard\u001b[0m\n                \u001b[36m</p>\u001b[39m\n                \u001b[36m<p\u001b[39m\n                  \u001b[33mclass\u001b[39m=\u001b[32m\"text-[11px] text-gray-500\"\u001b[39m\n                \u001b[36m>\u001b[39m\n                  \u001b[0mDeveloped by JBPTV Consultancy Group. Blueprint for expansion across all 100 NC counties.\u001b[0m\n                \u001b[36m</p>\u001b[39m\n              \u001b[36m</div>\u001b[39m\n            \u001b[36m</div>\u001b[39m\n            \u001b[36m<div\u001b[39m\n              \u001b[33mclass\u001b[39m=\u001b[32m\"flex items-center gap-4\"\u001b[39m\n            \u001b[36m>\u001b[39m\n              \u001b[36m<div\u001b[39m\n                \u001b[33mclass\u001b[39m=\u001b[32m\"flex bg-gray-100 p-1 rounded-lg\"\u001b[39m\n              \u001b[36m>\u001b[39m\n                \u001b[36m<button\u001b[39m\n                  \u001b[33mclass\u001b[39m=\u001b[32m\"flex items-center gap-2 px-6 py-3 font-medium transition-all relative text-gray-500 hover:text-gray-700\"\u001b[39m\n                \u001b[36m>\u001b[39m\n                  \u001b[36m<svg\u001b[39m\n                    \u001b[33maria-hidden\u001b[39m=\u001b[32m\"true\"\u001b[39m\n                    \u001b[33mclass\u001b[39m=\u001b[32m\"lucide lucide-file-up\"\u001b[39m\n                    \u001b[33mfill\u001b[39m=\u001b[32m\"none\"\u001b[39m\n                    \u001b[33mheight\u001b[39m=\u001b[32m\"18\"\u001b[39m\n                    \u001b[33mstroke\u001b[39m=\u001b[32m\"currentColor\"\u001b[39m\n                    \u001b[33mstroke-linecap\u001b[39m=\u001b[32m\"round\"\u001b[39m\n                    \u001b[33mstroke-linejoin\u001b[39m=\u001b[32m\"round\"\u001b[39m\n                    \u001b[33mstroke-width\u001b[39m=\u001b[32m\"2\"\u001b[39m\n                    \u001b[33mviewBox\u001b[39m=\u001b[32m\"0 0 24 24\"\u001b[39m\n                    \u001b[33mwidth\u001b[39m=\u001b[32m\"18\"\u001b[39m\n                    \u001b[33mxmlns\u001b[39m=\u001b[32m\"http://www.w3.org/2000/svg\"\u001b[39m\n                  \u001b[36m>\u001b[39m\n                    \u001b[36m<path\u001b[39m\n                      \u001b[33md\u001b[39m=\u001b[32m\"M15 2H6a2 2 0 0 0-2 2v16a2 2 0 0 0 2 2h12a2 2 0 0 0 2-2V7Z\"\u001b[39m\n                    \u001b[36m/>\u001b[39m\n                    \u001b[36m<path\u001b[39m\n                      \u001b[33md\u001b[39m=\u001b[32m\"M14 2v4a2 2 0 0 0 2 2h4\"\u001b[39m\n                    \u001b[36m/>\u001b[39m\n                    \u001b[36m<path\u001b[39m\n                      \u001b[33md\u001b[39m=\u001b[32m\"M12 12v6\"\u001b[39m\n                    \u001b[36m/>\u001b[39m\n                    \u001b[36m<path\u001b[39m\n                      \u001b[33md\u001b[39m=\u001b[32m\"m15 15-3-3-3 3\"\u001b[39m\n                    \u001b[36m/>\u001b[39m\n                  \u001b[36m</svg>\u001b[39m\n                  \u001b[0mData Upload\u001b[0m\n                \u001b[36m</button>\u001b[39m\n                \u001b[36m<button\u001b[39m\n                  \u001b[33mclass\u001b[39m=\u001b[32m\"flex items-center gap-2 px-6 py-3 font-medium transition-all relative text-blue-600\"\u001b[39m\n                \u001b[36m>\u001b[39m\n                  \u001b[36m<svg\u001b[39m\n                    \u001b[33maria-hidden\u001b[39m=\u001b[32m\"true\"\u001b[39m\n                    \u001b[33mclass\u001b[39m=\u001b[32m\"lucide lucide-chart-column\"\u001b[39m\n                    \u001b[33mfill\u001b[39m=\u001b[32m\"none\"\u001b[39m\n                    \u001b[33mheight\u001b[39m=\u001b[32m\"18\"\u001b[39m\n                    \u001b[33mstroke\u001b[39m=\u001b[32m\"currentColor\"\u001b[39m\n                    \u001b[33mstroke-linecap\u001b[39m=\u001b[32m\"round\"\u001b[39m\n                    \u001b[33mstroke-linejoin\u001b[39m=\u001b[32m\"round\"\u001b[39m\n                    \u001b[33mstroke-width\u001b[39m=\u001b[32m\"2\"\u001b[39m\n                    \u001b[33mviewBox\u001b[39m=\u001b[32m\"0 0 24 24\"\u001b[39m\n                    \u001b[33mwidth\u001b[39m=\u001b[32m\"18\"\u001b[39m\n                    \u001b[33mxmlns\u001b[39m=\u001b[32m\"http://www.w3.org/2000/svg\"\u001b[39m\n                  \u001b[36m>\u001b[39m\n                    \u001b[36m<path\u001b[39m\n                      \u001b[33md\u001b[39m=\u001b[32m\"M3 3v16a2 2 0 0 0 2 2h16\"\u001b[39m\n                    \u001b[36m/>\u001b[39m\n                    \u001b[36m<path\u001b[39m\n                      \u001b[33md\u001b[39m=\u001b[32m\"M18 17V9\"\u001b[39m\n                    \u001b[36m/>\u001b[39m\n                    \u001b[36m<path\u001b[39m\n                      \u001b[33md\u001b[39m=\u001b[32m\"M13 17V5\"\u001b[39m\n                    \u001b[36m/>\u001b[39m\n                    \u001b[36m<path\u001b[39m\n                      \u001b[33md\u001b[39m=\u001b[32m\"M8 17v-3\"\u001b[39m\n                    \u001b[36m/>\u001b[39m\n                  \u001b[36m</svg>\u001b[39m\n                  \u001b[0mDashboard\u001b[0m\n                  \u001b[36m<div\u001b[39m\n                    \u001b[33mclass\u001b[39m=\u001b[32m\"absolute bottom-0 left-0 right-0 h-0.5 bg-blue-600\"\u001b[39m\n                    \u001b[33mstyle\u001b[39m=\u001b[32m\"opacity: 1;\"\u001b[39m\n                  \u001b[36m/>\u001b[39m\n                \u001b[36m</button>\u001b[39m\n                \u001b[36m<button\u001b[39m\n                  \u001b[33mclass\u001b[39m=\u001b[32m\"flex items-center gap-2 px-6 py-3 font-medium transition-all relative text-gray-500 hover:text-gray-700\"\u001b[39m\n                \u001b[36m>\u001b[39m\n                  \u001b[36m<svg\u001b[39m\n                    \u001b[33maria-hidden\u001b[39m=\u001b[32m\"true\"\u001b[39m\n                    \u001b[3...\n    at Object.getElementError (C:\\Users\\pegue\\Union-County-NC-Precincts\\node_modules\\@testing-library\\dom\\dist\\config.js:37:19)\n    at C:\\Users\\pegue\\Union-County-NC-Precincts\\node_modules\\@testing-library\\dom\\dist\\query-helpers.js:76:38\n    at C:\\Users\\pegue\\Union-County-NC-Precincts\\node_modules\\@testing-library\\dom\\dist\\query-helpers.js:52:17\n    at C:\\Users\\pegue\\Union-County-NC-Precincts\\node_modules\\@testing-library\\dom\\dist\\query-helpers.js:95:19\n    at C:/Users/pegue/Union-County-NC-Precincts/src/App.test.tsx:91:19\n    at file:///C:/Users/pegue/Union-County-NC-Precincts/node_modules/@vitest/runner/dist/chunk-artifact.js:1893:20"],"meta":{},"tags":[]},{"ancestorTitles":["App"],"fullName":"App auto-loads built-in data and opens the dashboard","status":"passed","title":"auto-loads built-in data and opens the dashboard","duration":524.8738999999996,"failureMessages":[],"meta":{},"tags":[]},{"ancestorTitles":["App"],"fullName":"App shows the how-to tab content","status":"passed","title":"shows the how-to tab content","duration":970.4233000000004,"failureMessages":[],"meta":{},"tags":[]},{"ancestorTitles":["App"],"fullName":"App shows trend signals with year-over-year turnout deltas","status":"passed","title":"shows trend signals with year-over-year turnout deltas","duration":330.6352999999999,"failureMessages":[],"meta":{},"tags":[]},{"ancestorTitles":["App"],"fullName":"App restores persisted dashboard controls from localStorage","status":"passed","title":"restores persisted dashboard controls from localStorage","duration":475.27660000000014,"failureMessages":[],"meta":{},"tags":[]},{"ancestorTitles":["App"],"fullName":"App rejects unsupported upload file types","status":"passed","title":"rejects unsupported upload file types","duration":781.0259000000005,"failureMessages":[],"meta":{},"tags":[]},{"ancestorTitles":["App"],"fullName":"App shows focused field packet export when a precinct is selected","status":"passed","title":"shows focused field packet export when a precinct is selected","duration":421.6758000000009,"failureMessages":[],"meta":{},"tags":[]}],"startTime":1776792502570,"endTime":1776792507939.6758,"status":"failed","message":"","name":"C:/Users/pegue/Union-County-NC-Precincts/src/App.test.tsx"},{"assertionResults":[{"ancestorTitles":["computeOpportunityScores"],"fullName":"computeOpportunityScores ranks high-registration low-turnout precincts above stronger performers","status":"passed","title":"ranks high-registration low-turnout precincts above stronger performers","duration":3.1871000000001004,"failureMessages":[],"meta":{},"tags":[]},{"ancestorTitles":["computeOpportunityScores"],"fullName":"computeOpportunityScores returns empty list when no stats are provided","status":"passed","title":"returns empty list when no stats are provided","duration":0.9765000000002146,"failureMessages":[],"meta":{},"tags":[]},{"ancestorTitles":["computeOpportunityScores"],"fullName":"computeOpportunityScores supports custom score weights for strategy tuning","status":"passed","title":"supports custom score weights for strategy tuning","duration":0.4650000000001455,"failureMessages":[],"meta":{},"tags":[]}],"startTime":1776792502690,"endTime":1776792502695.465,"status":"passed","message":"","name":"C:/Users/pegue/Union-County-NC-Precincts/src/components/ChoroplethMap.test.tsx"}]}
